<?xml version="1.0" encoding="UTF-8"?>
<!-- Generated by org.testng.reporters.JUnitXMLReporter -->
<testsuite hostname="DESKTOP-506AGEU" ignored="0" name="Test Basics 1" tests="22" failures="0" timestamp="31 Oct 2020 06:03:21 GMT" time="954.795" errors="0">
  <testcase name="testThree" time="95.335" classname="com_hackethon_test.HealthInsuranceTest"/>
  <testcase name="testTwo" time="113.723" classname="com_hackethon_test.CarInsuranceTest"/>
  <testcase name="testOne" time="119.771" classname="com_hackethon_test.InsuranceTest"/>
  <testcase name="testTwo" time="109.298" classname="com_hackethon_test.CarInsuranceTest"/>
  <testcase name="testOne" time="108.636" classname="com_hackethon_test.InsuranceTest"/>
  <testcase name="testTwo" time="84.691" classname="com_hackethon_test.CarInsuranceTest"/>
  <testcase name="testOne" time="84.854" classname="com_hackethon_test.InsuranceTest"/>
  <testcase name="testTwo" time="82.06" classname="com_hackethon_test.CarInsuranceTest"/>
  <testcase name="testOne" time="100.924" classname="com_hackethon_test.InsuranceTest"/>
  <testcase name="testTwo" time="78.19" classname="com_hackethon_test.CarInsuranceTest"/>
  <testcase name="testOne" time="95.809" classname="com_hackethon_test.InsuranceTest"/>
  <testcase name="testTwo" time="80.041" classname="com_hackethon_test.CarInsuranceTest"/>
  <testcase name="testOne" time="81.706" classname="com_hackethon_test.InsuranceTest"/>
  <testcase name="testTwo" time="83.684" classname="com_hackethon_test.CarInsuranceTest"/>
  <testcase name="testOne" time="73.725" classname="com_hackethon_test.InsuranceTest"/>
  <testcase name="testTwo" time="89.075" classname="com_hackethon_test.CarInsuranceTest"/>
  <testcase name="testOne" time="94.405" classname="com_hackethon_test.InsuranceTest"/>
  <testcase name="testTwo" time="77.435" classname="com_hackethon_test.CarInsuranceTest"/>
  <testcase name="testOne" time="75.689" classname="com_hackethon_test.InsuranceTest"/>
  <testcase name="testTwo" time="80.973" classname="com_hackethon_test.CarInsuranceTest"/>
  <testcase name="testOne" time="61.189" classname="com_hackethon_test.InsuranceTest"/>
  <testcase name="testOne" time="53.077" classname="com_hackethon_test.InsuranceTest"/>
</testsuite> <!-- Test Basics 1 -->
