<?xml version="1.0" encoding="UTF-8"?>
<testng-results skipped="0" failed="0" ignored="0" total="22" passed="22">
  <reporter-output>
  </reporter-output>
  <suite name="Grid Suite" duration-ms="954795" started-at="2020-10-31T05:47:26Z" finished-at="2020-10-31T06:03:21Z">
    <groups>
    </groups>
    <test name="Test Basics 1" duration-ms="954795" started-at="2020-10-31T05:47:26Z" finished-at="2020-10-31T06:03:21Z">
      <class name="com_hackethon_test.CarInsuranceTest">
        <test-method status="PASS" signature="testTwo(java.util.Hashtable)[pri:0, instance:com_hackethon_test.CarInsuranceTest@5bfbf16f]" name="testTwo" duration-ms="113723" started-at="2020-10-31T05:47:29Z" data-provider="getTestOneData" finished-at="2020-10-31T05:49:22Z">
          <params>
            <param index="0">
              <value>
                <![CDATA[{Col4=794532147', Col3=adi@gmail.com, Col2=Aditya, Col1=DL}]]>
              </value>
            </param>
          </params>
          <reporter-output>
          </reporter-output>
        </test-method> <!-- testTwo -->
        <test-method status="PASS" signature="testTwo(java.util.Hashtable)[pri:0, instance:com_hackethon_test.CarInsuranceTest@5bfbf16f]" name="testTwo" duration-ms="109298" started-at="2020-10-31T05:49:22Z" data-provider="getTestOneData" finished-at="2020-10-31T05:51:12Z">
          <params>
            <param index="0">
              <value>
                <![CDATA[{Col4=76', Col3=jail.com, Col2=Jay, Col1=JH}]]>
              </value>
            </param>
          </params>
          <reporter-output>
          </reporter-output>
        </test-method> <!-- testTwo -->
        <test-method status="PASS" signature="testTwo(java.util.Hashtable)[pri:0, instance:com_hackethon_test.CarInsuranceTest@5bfbf16f]" name="testTwo" duration-ms="84691" started-at="2020-10-31T05:51:12Z" data-provider="getTestOneData" finished-at="2020-10-31T05:52:36Z">
          <params>
            <param index="0">
              <value>
                <![CDATA[{Col4=8745', Col3=assddf, Col2=Ram, Col1=MH}]]>
              </value>
            </param>
          </params>
          <reporter-output>
          </reporter-output>
        </test-method> <!-- testTwo -->
        <test-method status="PASS" signature="testTwo(java.util.Hashtable)[pri:0, instance:com_hackethon_test.CarInsuranceTest@5bfbf16f]" name="testTwo" duration-ms="82060" started-at="2020-10-31T05:52:36Z" data-provider="getTestOneData" finished-at="2020-10-31T05:53:58Z">
          <params>
            <param index="0">
              <value>
                <![CDATA[{Col4=8784512457', Col3=argmail.com, Col2=Aradhana, Col1=GJ}]]>
              </value>
            </param>
          </params>
          <reporter-output>
          </reporter-output>
        </test-method> <!-- testTwo -->
        <test-method status="PASS" signature="testTwo(java.util.Hashtable)[pri:0, instance:com_hackethon_test.CarInsuranceTest@5bfbf16f]" name="testTwo" duration-ms="78190" started-at="2020-10-31T05:53:58Z" data-provider="getTestOneData" finished-at="2020-10-31T05:55:17Z">
          <params>
            <param index="0">
              <value>
                <![CDATA[{Col4=474', Col3=qwe@gmail.com, Col2=Mayank, Col1=AP}]]>
              </value>
            </param>
          </params>
          <reporter-output>
          </reporter-output>
        </test-method> <!-- testTwo -->
        <test-method status="PASS" signature="testTwo(java.util.Hashtable)[pri:0, instance:com_hackethon_test.CarInsuranceTest@5bfbf16f]" name="testTwo" duration-ms="80041" started-at="2020-10-31T05:55:17Z" data-provider="getTestOneData" finished-at="2020-10-31T05:56:37Z">
          <params>
            <param index="0">
              <value>
                <![CDATA[{Col4=7689741257', Col3=dmail.com, Col2=Arvind, Col1=TN}]]>
              </value>
            </param>
          </params>
          <reporter-output>
          </reporter-output>
        </test-method> <!-- testTwo -->
        <test-method status="PASS" signature="testTwo(java.util.Hashtable)[pri:0, instance:com_hackethon_test.CarInsuranceTest@5bfbf16f]" name="testTwo" duration-ms="83684" started-at="2020-10-31T05:56:37Z" data-provider="getTestOneData" finished-at="2020-10-31T05:58:00Z">
          <params>
            <param index="0">
              <value>
                <![CDATA[{Col4=457896874', Col3=wwe@gmail.com, Col2=Sita, Col1=RJ}]]>
              </value>
            </param>
          </params>
          <reporter-output>
          </reporter-output>
        </test-method> <!-- testTwo -->
        <test-method status="PASS" signature="testTwo(java.util.Hashtable)[pri:0, instance:com_hackethon_test.CarInsuranceTest@5bfbf16f]" name="testTwo" duration-ms="89075" started-at="2020-10-31T05:58:00Z" data-provider="getTestOneData" finished-at="2020-10-31T05:59:29Z">
          <params>
            <param index="0">
              <value>
                <![CDATA[{Col4=8986', Col3=ravi@gmail.com, Col2=Ravi, Col1=BR}]]>
              </value>
            </param>
          </params>
          <reporter-output>
          </reporter-output>
        </test-method> <!-- testTwo -->
        <test-method status="PASS" signature="testTwo(java.util.Hashtable)[pri:0, instance:com_hackethon_test.CarInsuranceTest@5bfbf16f]" name="testTwo" duration-ms="77435" started-at="2020-10-31T05:59:29Z" data-provider="getTestOneData" finished-at="2020-10-31T06:00:47Z">
          <params>
            <param index="0">
              <value>
                <![CDATA[{Col4=8972145', Col3=iragmail.com, Col2=Kamal, Col1=AN}]]>
              </value>
            </param>
          </params>
          <reporter-output>
          </reporter-output>
        </test-method> <!-- testTwo -->
        <test-method status="PASS" signature="testTwo(java.util.Hashtable)[pri:0, instance:com_hackethon_test.CarInsuranceTest@5bfbf16f]" name="testTwo" duration-ms="80973" started-at="2020-10-31T06:00:47Z" data-provider="getTestOneData" finished-at="2020-10-31T06:02:08Z">
          <params>
            <param index="0">
              <value>
                <![CDATA[{Col4=741289630', Col3=ara@gmail.com, Col2=Keval, Col1=AP}]]>
              </value>
            </param>
          </params>
          <reporter-output>
          </reporter-output>
        </test-method> <!-- testTwo -->
        <test-method status="PASS" signature="endReport()[pri:0, instance:com_hackethon_test.CarInsuranceTest@5bfbf16f]" name="endReport" is-config="true" duration-ms="1880" started-at="2020-10-31T06:03:18Z" finished-at="2020-10-31T06:03:20Z">
          <reporter-output>
          </reporter-output>
        </test-method> <!-- endReport -->
        <test-method status="PASS" signature="endReport()[pri:0, instance:com_hackethon_test.HealthInsuranceTest@59906517]" name="endReport" is-config="true" duration-ms="362" started-at="2020-10-31T06:03:20Z" finished-at="2020-10-31T06:03:21Z">
          <reporter-output>
          </reporter-output>
        </test-method> <!-- endReport -->
        <test-method status="PASS" signature="endReport()[pri:0, instance:com_hackethon_test.InsuranceTest@cb51256]" name="endReport" is-config="true" duration-ms="218" started-at="2020-10-31T06:03:21Z" finished-at="2020-10-31T06:03:21Z">
          <reporter-output>
          </reporter-output>
        </test-method> <!-- endReport -->
      </class> <!-- com_hackethon_test.CarInsuranceTest -->
      <class name="com_hackethon_test.InsuranceTest">
        <test-method status="PASS" signature="testOne(java.util.Hashtable)[pri:0, instance:com_hackethon_test.InsuranceTest@cb51256]" name="testOne" duration-ms="119771" started-at="2020-10-31T05:47:29Z" data-provider="getTestOneData" finished-at="2020-10-31T05:49:28Z">
          <params>
            <param index="0">
              <value>
                <![CDATA[{Col6=9874563210', Col5=Aditya Sinha, Col4=Mr., Col3=21.0, Col2=22.0, Col1=Germany, Col8=Low to High, Col7=aditya@gmail.com}]]>
              </value>
            </param>
          </params>
          <reporter-output>
          </reporter-output>
        </test-method> <!-- testOne -->
        <test-method status="PASS" signature="testOne(java.util.Hashtable)[pri:0, instance:com_hackethon_test.InsuranceTest@cb51256]" name="testOne" duration-ms="108636" started-at="2020-10-31T05:49:28Z" data-provider="getTestOneData" finished-at="2020-10-31T05:51:17Z">
          <params>
            <param index="0">
              <value>
                <![CDATA[{Col6=7412589630', Col5=Sunit Sinha, Col4=Mr., Col3=24.0, Col2=23.0, Col1=Russia, Col8=Low to High, Col7=sunit@gmail.com}]]>
              </value>
            </param>
          </params>
          <reporter-output>
          </reporter-output>
        </test-method> <!-- testOne -->
        <test-method status="PASS" signature="testOne(java.util.Hashtable)[pri:0, instance:com_hackethon_test.InsuranceTest@cb51256]" name="testOne" duration-ms="84854" started-at="2020-10-31T05:51:17Z" data-provider="getTestOneData" finished-at="2020-10-31T05:52:42Z">
          <params>
            <param index="0">
              <value>
                <![CDATA[{Col6=9632587410', Col5=Ayan Ray, Col4=Mr., Col3=22.0, Col2=26.0, Col1=France, Col8=Low to High, Col7=ayan@gmail.com}]]>
              </value>
            </param>
          </params>
          <reporter-output>
          </reporter-output>
        </test-method> <!-- testOne -->
        <test-method status="PASS" signature="testOne(java.util.Hashtable)[pri:0, instance:com_hackethon_test.InsuranceTest@cb51256]" name="testOne" duration-ms="100924" started-at="2020-10-31T05:52:42Z" data-provider="getTestOneData" finished-at="2020-10-31T05:54:23Z">
          <params>
            <param index="0">
              <value>
                <![CDATA[{Col6=7891234560', Col5=Arvind Singh, Col4=Mr., Col3=20.0, Col2=25.0, Col1=Italy, Col8=Low to High, Col7=arvind@gmail.com}]]>
              </value>
            </param>
          </params>
          <reporter-output>
          </reporter-output>
        </test-method> <!-- testOne -->
        <test-method status="PASS" signature="testOne(java.util.Hashtable)[pri:0, instance:com_hackethon_test.InsuranceTest@cb51256]" name="testOne" duration-ms="95809" started-at="2020-10-31T05:54:23Z" data-provider="getTestOneData" finished-at="2020-10-31T05:55:59Z">
          <params>
            <param index="0">
              <value>
                <![CDATA[{Col6=8523697413', Col5=Shivani Sinha, Col4=Ms., Col3=24.0, Col2=22.0, Col1=Spain, Col8=Low to High, Col7=shivani@gmail.com}]]>
              </value>
            </param>
          </params>
          <reporter-output>
          </reporter-output>
        </test-method> <!-- testOne -->
        <test-method status="PASS" signature="testOne(java.util.Hashtable)[pri:0, instance:com_hackethon_test.InsuranceTest@cb51256]" name="testOne" duration-ms="81706" started-at="2020-10-31T05:55:59Z" data-provider="getTestOneData" finished-at="2020-10-31T05:57:20Z">
          <params>
            <param index="0">
              <value>
                <![CDATA[{Col6=9513572580', Col5=Shagun Verma, Col4=Ms., Col3=25.0, Col2=23.0, Col1=Poland, Col8=Default, Col7=shagun@gmail.com}]]>
              </value>
            </param>
          </params>
          <reporter-output>
          </reporter-output>
        </test-method> <!-- testOne -->
        <test-method status="PASS" signature="testOne(java.util.Hashtable)[pri:0, instance:com_hackethon_test.InsuranceTest@cb51256]" name="testOne" duration-ms="73725" started-at="2020-10-31T05:57:20Z" data-provider="getTestOneData" finished-at="2020-10-31T05:58:34Z">
          <params>
            <param index="0">
              <value>
                <![CDATA[{Col6=7894523610', Col5=Ankita Mishra, Col4=Ms., Col3=23.0, Col2=21.0, Col1=Ukraine, Col8=Default, Col7=ankita@gmail.com}]]>
              </value>
            </param>
          </params>
          <reporter-output>
          </reporter-output>
        </test-method> <!-- testOne -->
        <test-method status="PASS" signature="testOne(java.util.Hashtable)[pri:0, instance:com_hackethon_test.InsuranceTest@cb51256]" name="testOne" duration-ms="94405" started-at="2020-10-31T05:58:34Z" data-provider="getTestOneData" finished-at="2020-10-31T06:00:08Z">
          <params>
            <param index="0">
              <value>
                <![CDATA[{Col6=7458963254', Col5=Rohan, Col4=Mr., Col3=20.0, Col2=25.0, Col1=Romania, Col8=High to Low, Col7=rohan@gmail.com}]]>
              </value>
            </param>
          </params>
          <reporter-output>
          </reporter-output>
        </test-method> <!-- testOne -->
        <test-method status="PASS" signature="testOne(java.util.Hashtable)[pri:0, instance:com_hackethon_test.InsuranceTest@cb51256]" name="testOne" duration-ms="75689" started-at="2020-10-31T06:00:08Z" data-provider="getTestOneData" finished-at="2020-10-31T06:01:24Z">
          <params>
            <param index="0">
              <value>
                <![CDATA[{Col6=9856478523', Col5=Deva, Col4=Mr., Col3=23.0, Col2=24.0, Col1=Denmark, Col8=High to Low, Col7=deva@gmail.com}]]>
              </value>
            </param>
          </params>
          <reporter-output>
          </reporter-output>
        </test-method> <!-- testOne -->
        <test-method status="PASS" signature="testOne(java.util.Hashtable)[pri:0, instance:com_hackethon_test.InsuranceTest@cb51256]" name="testOne" duration-ms="61189" started-at="2020-10-31T06:01:24Z" data-provider="getTestOneData" finished-at="2020-10-31T06:02:25Z">
          <params>
            <param index="0">
              <value>
                <![CDATA[{Col6=7854693217', Col5=Sudarshan, Col4=Mr., Col3=24.0, Col2=22.0, Col1=Finland, Col8=High to Low, Col7=sudharshan@gmail.com}]]>
              </value>
            </param>
          </params>
          <reporter-output>
          </reporter-output>
        </test-method> <!-- testOne -->
        <test-method status="PASS" signature="testOne(java.util.Hashtable)[pri:0, instance:com_hackethon_test.InsuranceTest@cb51256]" name="testOne" duration-ms="53077" started-at="2020-10-31T06:02:25Z" data-provider="getTestOneData" finished-at="2020-10-31T06:03:18Z">
          <params>
            <param index="0">
              <value>
                <![CDATA[{Col6=8569742365', Col5=Arnab Mistry, Col4=Mr., Col3=26.0, Col2=23.0, Col1=Norway, Col8=Default, Col7=arnab@gmail.com}]]>
              </value>
            </param>
          </params>
          <reporter-output>
          </reporter-output>
        </test-method> <!-- testOne -->
      </class> <!-- com_hackethon_test.InsuranceTest -->
      <class name="com_hackethon_test.HealthInsuranceTest">
        <test-method status="PASS" signature="testThree()[pri:0, instance:com_hackethon_test.HealthInsuranceTest@59906517]" name="testThree" duration-ms="95335" started-at="2020-10-31T05:47:26Z" finished-at="2020-10-31T05:49:02Z">
          <reporter-output>
          </reporter-output>
        </test-method> <!-- testThree -->
      </class> <!-- com_hackethon_test.HealthInsuranceTest -->
    </test> <!-- Test Basics 1 -->
  </suite> <!-- Grid Suite -->
</testng-results>
