<?xml version="1.0" encoding="UTF-8"?>
<testng-results skipped="0" failed="0" ignored="0" total="1" passed="1">
  <reporter-output>
  </reporter-output>
  <suite name="Default suite" duration-ms="42536" started-at="2020-10-30T10:21:48Z" finished-at="2020-10-30T10:22:31Z">
    <groups>
    </groups>
    <test name="Default test" duration-ms="42536" started-at="2020-10-30T10:21:48Z" finished-at="2020-10-30T10:22:31Z">
      <class name="com_hackethon_test.HealthInsuranceTest">
        <test-method status="PASS" signature="testThree()[pri:0, instance:com_hackethon_test.HealthInsuranceTest@5c072e3f]" name="testThree" duration-ms="40964" started-at="2020-10-30T10:21:48Z" finished-at="2020-10-30T10:22:29Z">
          <reporter-output>
          </reporter-output>
        </test-method> <!-- testThree -->
        <test-method status="PASS" signature="endReport()[pri:0, instance:com_hackethon_test.HealthInsuranceTest@5c072e3f]" name="endReport" is-config="true" duration-ms="1511" started-at="2020-10-30T10:22:29Z" finished-at="2020-10-30T10:22:31Z">
          <reporter-output>
          </reporter-output>
        </test-method> <!-- endReport -->
      </class> <!-- com_hackethon_test.HealthInsuranceTest -->
    </test> <!-- Default test -->
  </suite> <!-- Default suite -->
</testng-results>
